<?xml version="1.0" encoding="UTF-8"?>
<testsuite xmlns:xsi="http://www.w3.org/2001/XMLSchema-instance" xsi:noNamespaceSchemaLocation="https://maven.apache.org/surefire/maven-surefire-plugin/xsd/surefire-test-report.xsd" name="TestController" time="4.029" tests="2" errors="2" skipped="0" failures="0">
  <properties>
[...]
</properties>
  <testcase name="testGetSequence" classname="TestController" time="3.377">
    <error type="java.lang.ExceptionInInitializerError">java.lang.ExceptionInInitializerError
	at TestController.setUp(TestController.java:32)
Caused by: java.util.MissingResourceException: Can't find bundle for base name javax.servlet.LocalStrings, locale zh_CN
	at TestController.setUp(TestController.java:32)
</error>
  </testcase>
  <testcase name="testGetAnPost" classname="TestController" time="0.129">
    <error message="Could not initialize class org.springframework.test.web.servlet.TestDispatcherServlet" type="java.lang.NoClassDefFoundError">java.lang.NoClassDefFoundError: Could not initialize class org.springframework.test.web.servlet.TestDispatcherServlet
	at TestController.setUp(TestController.java:32)
</error>
  </testcase>
</testsuite>